<?xml version="1.0" encoding="UTF-8" ?>
<testsuites id="2026-08-16" name="report_52" tests="16" failures="8" skipped="0" flaky="0" time="0.000">
	<testsuite id="0" name="modification_modules_test" package="tests/unit/data" timestamp="2026-08-16T03:44:19" hostname="localhost" tests="8" failures="5" errors="0" skipped="0" flaky="0" time="2.553">
		<testcase name="test_infantry_modifications_count" classname="modification_modules_test" time="0.091">
			<failure message="FAILED: res://tests/unit/data/modification_modules_test.gd:13" type="FAILURE">
<![CDATA[
步兵应有22个改造
]]>
			</failure>
		</testcase>
		<testcase name="test_infantry_modifications_data_completeness" classname="modification_modules_test" time="0.168">
		</testcase>
		<testcase name="test_armor_modifications_count" classname="modification_modules_test" time="0.095">
			<failure message="FAILED: res://tests/unit/data/modification_modules_test.gd:33" type="FAILURE">
<![CDATA[
装甲应有15个改造
]]>
			</failure>
		</testcase>
		<testcase name="test_modification_id_uniqueness" classname="modification_modules_test" time="0.187">
		</testcase>
		<testcase name="test_conflict_groups" classname="modification_modules_test" time="0.083">
		</testcase>
		<testcase name="test_modification_for_unit_type" classname="modification_modules_test" time="0.108">
			<failure message="FAILED: res://tests/unit/data/modification_modules_test.gd:52" type="FAILURE">
<![CDATA[
Expecting:
 '22'
 but was
 '27'
]]>
			</failure>
			<failure message="FAILED: res://tests/unit/data/modification_modules_test.gd:54" type="FAILURE">
<![CDATA[
Expecting:
 '15'
 but was
 '16'
]]>
			</failure>
		</testcase>
		<testcase name="test_effects_structure" classname="modification_modules_test" time="0.130">
		</testcase>
		<testcase name="test_total_modification_count" classname="modification_modules_test" time="0.099">
			<failure message="FAILED: res://tests/unit/data/modification_modules_test.gd:71" type="FAILURE">
<![CDATA[
Expecting: 'true' but is 'false'
]]>
			</failure>
		</testcase>
	</testsuite>
	<testsuite id="1" name="test_evolution_hp_floor" package="tests/unit/progression" timestamp="2026-08-16T03:44:22" hostname="localhost" tests="2" failures="2" errors="0" skipped="0" flaky="0" time="1.006">
		<testcase name="test_evolution_hp_floor_applied_after_growth" classname="test_evolution_hp_floor" time="0.180">
			<failure message="FAILED: res://tests/unit/progression/test_evolution_hp_floor.gd:35" type="FAILURE">
<![CDATA[
Expecting to be greater than or equal:
 '120.000000' but was '100.000000'
]]>
			</failure>
		</testcase>
		<testcase name="test_ww1_to_ww2_evolve_floor_not_below_prior_effective_hp" classname="test_evolution_hp_floor" time="0.125">
			<failure message="FAILED: res://tests/unit/progression/test_evolution_hp_floor.gd:47" type="FAILURE">
<![CDATA[
Expecting to be greater than or equal:
 '339.890000' but was '100.000000'
]]>
			</failure>
		</testcase>
	</testsuite>
	<testsuite id="2" name="test_battle_card_v3" package="tests/unit/data" timestamp="2026-08-16T03:44:23" hostname="localhost" tests="6" failures="1" errors="0" skipped="0" flaky="0" time="1.579">
		<testcase name="test_era_multipliers_at_bounds" classname="test_battle_card_v3" time="0.118">
		</testcase>
		<testcase name="test_star_stat_multiplier" classname="test_battle_card_v3" time="0.098">
		</testcase>
		<testcase name="test_enhance_stat_multiplier" classname="test_battle_card_v3" time="0.106">
		</testcase>
		<testcase name="test_evolution_inherit_bonus_clamped" classname="test_battle_card_v3" time="0.096">
		</testcase>
		<testcase name="test_unit_stats_table_era_scales_hp_and_weapon_damage" classname="test_battle_card_v3" time="0.105">
		</testcase>
		<testcase name="test_siege_enhance_growth_bias_exceeds_scout" classname="test_battle_card_v3" time="0.107">
			<failure message="FAILED: res://tests/unit/data/test_battle_card_v3.gd:75" type="FAILURE">
<![CDATA[
Expecting to be greater than:
 '1.500000' but was '1.000000'
]]>
			</failure>
		</testcase>
	</testsuite>
</testsuites>
