<?xml version="1.0" encoding="UTF-8" ?>
<testsuites id="2026-08-16" name="report_43" tests="14" failures="8" skipped="0" flaky="0" time="0.000">
	<testsuite id="0" name="test_progression_curve_balance" package="tests/unit/balance" timestamp="2026-08-16T03:00:48" hostname="localhost" tests="6" failures="1" errors="0" skipped="0" flaky="0" time="1.569">
		<testcase name="test_difficulty_chain_monotonic" classname="test_progression_curve_balance" time="0.125">
			<failure message="FAILED: res://tests/unit/balance/test_progression_curve_balance.gd:97" type="FAILURE">
<![CDATA[

第 61 关链值 936 比前关 1141 回落超 10%
全程链值极差 17.6 > 8.0
]]>
			</failure>
		</testcase>
		<testcase name="test_player_enemy_hp_sync_across_eras" classname="test_progression_curve_balance" time="0.109">
		</testcase>
		<testcase name="test_player_enemy_dps_sync_across_eras" classname="test_progression_curve_balance" time="0.102">
		</testcase>
		<testcase name="test_intra_era_enemy_ramp_capped" classname="test_progression_curve_balance" time="0.099">
		</testcase>
		<testcase name="test_enhance_level_10_multiplier_capped" classname="test_progression_curve_balance" time="0.105">
		</testcase>
		<testcase name="test_enemy_tier_mirrors_player_progression" classname="test_progression_curve_balance" time="0.093">
		</testcase>
	</testsuite>
	<testsuite id="1" name="test_unit_era_balance" package="tests/unit/balance" timestamp="2026-08-16T03:00:50" hostname="localhost" tests="8" failures="7" errors="0" skipped="0" flaky="0" time="3.273">
		<testcase name="test_adjacent_era_dps_ratio_within_threshold" classname="test_unit_era_balance" time="0.113">
			<failure message="FAILED: res://tests/unit/balance/test_unit_era_balance.gd:97" type="FAILURE">
<![CDATA[

era 0→1 DPS中位数比 2.39 > 1.50（中位数 [65.0, 155.5, 235.5, 408.5, 456.0]）
era 1→2 DPS中位数比 1.51 > 1.50（中位数 [65.0, 155.5, 235.5, 408.5, 456.0]）
era 2→3 DPS中位数比 1.73 > 1.50（中位数 [65.0, 155.5, 235.5, 408.5, 456.0]）
]]>
			</failure>
		</testcase>
		<testcase name="test_adjacent_era_hp_ratio_within_threshold" classname="test_unit_era_balance" time="0.124">
			<failure message="FAILED: res://tests/unit/balance/test_unit_era_balance.gd:115" type="FAILURE">
<![CDATA[

era 0→1 HP中位数比 2.52 > 1.60（中位数 [162.0, 409.0, 548.5, 925.0, 1175.0]）
era 2→3 HP中位数比 1.69 > 1.60（中位数 [162.0, 409.0, 548.5, 925.0, 1175.0]）
]]>
			</failure>
		</testcase>
		<testcase name="test_intra_era_kind_hp_outlier" classname="test_unit_era_balance" time="0.118">
			<failure message="FAILED: res://tests/unit/balance/test_unit_era_balance.gd:136" type="FAILURE">
<![CDATA[

era 0 kind 0 同档HP max/min 2.21 > 2.00（min 91 max 201）
era 2 kind 2 同档HP max/min 2.06 > 2.00（min 245 max 504）
era 3 kind 1 同档HP max/min 2.07 > 2.00（min 1086 max 2250）
era 3 kind 2 同档HP max/min 2.21 > 2.00（min 407 max 900）
era 3 kind 3 同档HP max/min 2.85 > 2.00（min 333 max 950）
era 4 kind 3 同档HP max/min 2.67 > 2.00（min 440 max 1175）
]]>
			</failure>
		</testcase>
		<testcase name="test_aa_specialist_air_is_primary_output" classname="test_unit_era_balance" time="0.113">
			<failure message="FAILED: res://tests/unit/balance/test_unit_era_balance.gd:154" type="FAILURE">
<![CDATA[

ww1_37mm（37mm高射炮）对空DPS 18 应≥对轻 33 与对装甲 56——防空特化被通用火力反超
mod_stinger（毒刺导弹兵）对空DPS 50 应≥对轻 98 与对装甲 163——防空特化被通用火力反超
]]>
			</failure>
		</testcase>
		<testcase name="test_aa_specialist_vs_era_best" classname="test_unit_era_balance" time="0.124">
			<failure message="FAILED: res://tests/unit/balance/test_unit_era_balance.gd:170" type="FAILURE">
<![CDATA[

ww1_37mm（37mm高射炮，era 0）对空DPS 18 < 时代最佳 96 的 30%
mod_stinger（毒刺导弹兵，era 3）对空DPS 50 < 时代最佳 1650 的 30%
]]>
			</failure>
		</testcase>
		<testcase name="test_no_boundary_violations" classname="test_unit_era_balance" time="0.119">
		</testcase>
		<testcase name="test_card_id_prefix_matches_era" classname="test_unit_era_balance" time="0.100">
			<failure message="FAILED: res://tests/unit/balance/test_unit_era_balance.gd:227" type="FAILURE">
<![CDATA[

fut_inf_c96 前缀暗示 era 4 但 era 字段=0（时代池错位）
]]>
			</failure>
		</testcase>
		<testcase name="test_at_specialist_armor_is_primary_output" classname="test_unit_era_balance" time="0.124">
			<failure message="FAILED: res://tests/unit/balance/test_unit_era_balance.gd:244" type="FAILURE">
<![CDATA[

ww2_inf_panzerschreck 不在统一卡表（AT_SPECIALIST_IDS 需更新）
ww2_inf_bazooka（巴祖卡组）对装甲DPS 27 < 对轻装DPS 90——反装甲特化反转（对照敌方同名系 266 vs 40）
cold_rpg（RPG火箭筒组）对装甲DPS 35 < 对轻装DPS 116——反装甲特化反转（对照敌方同名系 266 vs 40）
mod_javelin（标枪导弹兵）对装甲DPS 68 < 对轻装DPS 228——反装甲特化反转（对照敌方同名系 266 vs 40）
mod_hummer_tow（悍马·陶式）对装甲DPS 58 < 对轻装DPS 192——反装甲特化反转（对照敌方同名系 266 vs 40）
]]>
			</failure>
		</testcase>
	</testsuite>
</testsuites>
