<?xml version="1.0" encoding="UTF-8" ?>
<testsuites id="2026-07-21" name="report_38" tests="1" failures="3" skipped="0" flaky="0" time="0.000">
	<testsuite id="0" name="test_master_power_distribution" package="tests/unit/managers" timestamp="2026-07-21T07:19:12" hostname="localhost" tests="1" failures="3" errors="30" skipped="0" flaky="0" time="0.847">
		<testcase name="test_print_enemy_power_distribution" classname="test_master_power_distribution" time="0.157">
			<error message="ERROR: res://tests/unit/managers/test_master_power_distribution.gd:149" type="ABORT">
<![CDATA[
Godot Runtime Error !
	'at: _eval_equipment_slots (res://scripts/master_power_evaluator.gd:149)'
Error: 'Invalid call. Nonexistent function 'compute_enemy_platform_power' in base 'GDScript'.'
]]>
			</error>
			<error message="ERROR: res://tests/unit/managers/test_master_power_distribution.gd:149" type="ABORT">
<![CDATA[
Godot Runtime Error !
	'at: _eval_equipment_slots (res://scripts/master_power_evaluator.gd:149)'
Error: 'Invalid call. Nonexistent function 'compute_enemy_platform_power' in base 'GDScript'.'
]]>
			</error>
			<error message="ERROR: res://tests/unit/managers/test_master_power_distribution.gd:149" type="ABORT">
<![CDATA[
Godot Runtime Error !
	'at: _eval_equipment_slots (res://scripts/master_power_evaluator.gd:149)'
Error: 'Invalid call. Nonexistent function 'compute_enemy_platform_power' in base 'GDScript'.'
]]>
			</error>
			<error message="ERROR: res://tests/unit/managers/test_master_power_distribution.gd:149" type="ABORT">
<![CDATA[
Godot Runtime Error !
	'at: _eval_equipment_slots (res://scripts/master_power_evaluator.gd:149)'
Error: 'Invalid call. Nonexistent function 'compute_enemy_platform_power' in base 'GDScript'.'
]]>
			</error>
			<error message="ERROR: res://tests/unit/managers/test_master_power_distribution.gd:149" type="ABORT">
<![CDATA[
Godot Runtime Error !
	'at: _eval_equipment_slots (res://scripts/master_power_evaluator.gd:149)'
Error: 'Invalid call. Nonexistent function 'compute_enemy_platform_power' in base 'GDScript'.'
]]>
			</error>
			<error message="ERROR: res://tests/unit/managers/test_master_power_distribution.gd:149" type="ABORT">
<![CDATA[
Godot Runtime Error !
	'at: _eval_equipment_slots (res://scripts/master_power_evaluator.gd:149)'
Error: 'Invalid call. Nonexistent function 'compute_enemy_platform_power' in base 'GDScript'.'
]]>
			</error>
			<error message="ERROR: res://tests/unit/managers/test_master_power_distribution.gd:149" type="ABORT">
<![CDATA[
Godot Runtime Error !
	'at: _eval_equipment_slots (res://scripts/master_power_evaluator.gd:149)'
Error: 'Invalid call. Nonexistent function 'compute_enemy_platform_power' in base 'GDScript'.'
]]>
			</error>
			<error message="ERROR: res://tests/unit/managers/test_master_power_distribution.gd:149" type="ABORT">
<![CDATA[
Godot Runtime Error !
	'at: _eval_equipment_slots (res://scripts/master_power_evaluator.gd:149)'
Error: 'Invalid call. Nonexistent function 'compute_enemy_platform_power' in base 'GDScript'.'
]]>
			</error>
			<error message="ERROR: res://tests/unit/managers/test_master_power_distribution.gd:149" type="ABORT">
<![CDATA[
Godot Runtime Error !
	'at: _eval_equipment_slots (res://scripts/master_power_evaluator.gd:149)'
Error: 'Invalid call. Nonexistent function 'compute_enemy_platform_power' in base 'GDScript'.'
]]>
			</error>
			<error message="ERROR: res://tests/unit/managers/test_master_power_distribution.gd:149" type="ABORT">
<![CDATA[
Godot Runtime Error !
	'at: _eval_equipment_slots (res://scripts/master_power_evaluator.gd:149)'
Error: 'Invalid call. Nonexistent function 'compute_enemy_platform_power' in base 'GDScript'.'
]]>
			</error>
			<error message="ERROR: res://tests/unit/managers/test_master_power_distribution.gd:149" type="ABORT">
<![CDATA[
Godot Runtime Error !
	'at: _eval_equipment_slots (res://scripts/master_power_evaluator.gd:149)'
Error: 'Invalid call. Nonexistent function 'compute_enemy_platform_power' in base 'GDScript'.'
]]>
			</error>
			<error message="ERROR: res://tests/unit/managers/test_master_power_distribution.gd:149" type="ABORT">
<![CDATA[
Godot Runtime Error !
	'at: _eval_equipment_slots (res://scripts/master_power_evaluator.gd:149)'
Error: 'Invalid call. Nonexistent function 'compute_enemy_platform_power' in base 'GDScript'.'
]]>
			</error>
			<error message="ERROR: res://tests/unit/managers/test_master_power_distribution.gd:149" type="ABORT">
<![CDATA[
Godot Runtime Error !
	'at: _eval_equipment_slots (res://scripts/master_power_evaluator.gd:149)'
Error: 'Invalid call. Nonexistent function 'compute_enemy_platform_power' in base 'GDScript'.'
]]>
			</error>
			<error message="ERROR: res://tests/unit/managers/test_master_power_distribution.gd:149" type="ABORT">
<![CDATA[
Godot Runtime Error !
	'at: _eval_equipment_slots (res://scripts/master_power_evaluator.gd:149)'
Error: 'Invalid call. Nonexistent function 'compute_enemy_platform_power' in base 'GDScript'.'
]]>
			</error>
			<error message="ERROR: res://tests/unit/managers/test_master_power_distribution.gd:149" type="ABORT">
<![CDATA[
Godot Runtime Error !
	'at: _eval_equipment_slots (res://scripts/master_power_evaluator.gd:149)'
Error: 'Invalid call. Nonexistent function 'compute_enemy_platform_power' in base 'GDScript'.'
]]>
			</error>
			<error message="ERROR: res://tests/unit/managers/test_master_power_distribution.gd:149" type="ABORT">
<![CDATA[
Godot Runtime Error !
	'at: _eval_equipment_slots (res://scripts/master_power_evaluator.gd:149)'
Error: 'Invalid call. Nonexistent function 'compute_enemy_platform_power' in base 'GDScript'.'
]]>
			</error>
			<error message="ERROR: res://tests/unit/managers/test_master_power_distribution.gd:149" type="ABORT">
<![CDATA[
Godot Runtime Error !
	'at: _eval_equipment_slots (res://scripts/master_power_evaluator.gd:149)'
Error: 'Invalid call. Nonexistent function 'compute_enemy_platform_power' in base 'GDScript'.'
]]>
			</error>
			<error message="ERROR: res://tests/unit/managers/test_master_power_distribution.gd:149" type="ABORT">
<![CDATA[
Godot Runtime Error !
	'at: _eval_equipment_slots (res://scripts/master_power_evaluator.gd:149)'
Error: 'Invalid call. Nonexistent function 'compute_enemy_platform_power' in base 'GDScript'.'
]]>
			</error>
			<error message="ERROR: res://tests/unit/managers/test_master_power_distribution.gd:149" type="ABORT">
<![CDATA[
Godot Runtime Error !
	'at: _eval_equipment_slots (res://scripts/master_power_evaluator.gd:149)'
Error: 'Invalid call. Nonexistent function 'compute_enemy_platform_power' in base 'GDScript'.'
]]>
			</error>
			<error message="ERROR: res://tests/unit/managers/test_master_power_distribution.gd:149" type="ABORT">
<![CDATA[
Godot Runtime Error !
	'at: _eval_equipment_slots (res://scripts/master_power_evaluator.gd:149)'
Error: 'Invalid call. Nonexistent function 'compute_enemy_platform_power' in base 'GDScript'.'
]]>
			</error>
			<error message="ERROR: res://tests/unit/managers/test_master_power_distribution.gd:149" type="ABORT">
<![CDATA[
Godot Runtime Error !
	'at: _eval_equipment_slots (res://scripts/master_power_evaluator.gd:149)'
Error: 'Invalid call. Nonexistent function 'compute_enemy_platform_power' in base 'GDScript'.'
]]>
			</error>
			<error message="ERROR: res://tests/unit/managers/test_master_power_distribution.gd:149" type="ABORT">
<![CDATA[
Godot Runtime Error !
	'at: _eval_equipment_slots (res://scripts/master_power_evaluator.gd:149)'
Error: 'Invalid call. Nonexistent function 'compute_enemy_platform_power' in base 'GDScript'.'
]]>
			</error>
			<error message="ERROR: res://tests/unit/managers/test_master_power_distribution.gd:149" type="ABORT">
<![CDATA[
Godot Runtime Error !
	'at: _eval_equipment_slots (res://scripts/master_power_evaluator.gd:149)'
Error: 'Invalid call. Nonexistent function 'compute_enemy_platform_power' in base 'GDScript'.'
]]>
			</error>
			<error message="ERROR: res://tests/unit/managers/test_master_power_distribution.gd:149" type="ABORT">
<![CDATA[
Godot Runtime Error !
	'at: _eval_equipment_slots (res://scripts/master_power_evaluator.gd:149)'
Error: 'Invalid call. Nonexistent function 'compute_enemy_platform_power' in base 'GDScript'.'
]]>
			</error>
			<error message="ERROR: res://tests/unit/managers/test_master_power_distribution.gd:149" type="ABORT">
<![CDATA[
Godot Runtime Error !
	'at: _eval_equipment_slots (res://scripts/master_power_evaluator.gd:149)'
Error: 'Invalid call. Nonexistent function 'compute_enemy_platform_power' in base 'GDScript'.'
]]>
			</error>
			<error message="ERROR: res://tests/unit/managers/test_master_power_distribution.gd:149" type="ABORT">
<![CDATA[
Godot Runtime Error !
	'at: _eval_equipment_slots (res://scripts/master_power_evaluator.gd:149)'
Error: 'Invalid call. Nonexistent function 'compute_enemy_platform_power' in base 'GDScript'.'
]]>
			</error>
			<error message="ERROR: res://tests/unit/managers/test_master_power_distribution.gd:149" type="ABORT">
<![CDATA[
Godot Runtime Error !
	'at: _eval_equipment_slots (res://scripts/master_power_evaluator.gd:149)'
Error: 'Invalid call. Nonexistent function 'compute_enemy_platform_power' in base 'GDScript'.'
]]>
			</error>
			<error message="ERROR: res://tests/unit/managers/test_master_power_distribution.gd:149" type="ABORT">
<![CDATA[
Godot Runtime Error !
	'at: _eval_equipment_slots (res://scripts/master_power_evaluator.gd:149)'
Error: 'Invalid call. Nonexistent function 'compute_enemy_platform_power' in base 'GDScript'.'
]]>
			</error>
			<error message="ERROR: res://tests/unit/managers/test_master_power_distribution.gd:149" type="ABORT">
<![CDATA[
Godot Runtime Error !
	'at: _eval_equipment_slots (res://scripts/master_power_evaluator.gd:149)'
Error: 'Invalid call. Nonexistent function 'compute_enemy_platform_power' in base 'GDScript'.'
]]>
			</error>
			<error message="ERROR: res://tests/unit/managers/test_master_power_distribution.gd:149" type="ABORT">
<![CDATA[
Godot Runtime Error !
	'at: _eval_equipment_slots (res://scripts/master_power_evaluator.gd:149)'
Error: 'Invalid call. Nonexistent function 'compute_enemy_platform_power' in base 'GDScript'.'
]]>
			</error>
			<failure message="FAILED: res://tests/unit/managers/test_master_power_distribution.gd:68" type="FAILURE">
<![CDATA[
Expecting to be greater than:
 '0.000000' but was '0.000000'
]]>
			</failure>
			<failure message="FAILED: res://tests/unit/managers/test_master_power_distribution.gd:71" type="FAILURE">
<![CDATA[
Expecting to be greater than:
 '0.000000' but was '0.000000'
]]>
			</failure>
			<failure message="FAILED: res://tests/unit/managers/test_master_power_distribution.gd:72" type="FAILURE">
<![CDATA[
Expecting to be greater than:
 '0.000000' but was '0.000000'
]]>
			</failure>
		</testcase>
	</testsuite>
</testsuites>
