<?xml version="1.0" encoding="UTF-8" ?>
<testsuites id="2026-08-16" name="report_51" tests="150" failures="14" skipped="0" flaky="0" time="0.000">
	<testsuite id="0" name="test_economy_balance" package="tests/unit/balance" timestamp="2026-08-16T03:41:32" hostname="localhost" tests="5" failures="0" errors="0" skipped="0" flaky="0" time="1.133">
		<testcase name="test_deploy_energy_differentiated" classname="test_economy_balance" time="0.136">
		</testcase>
		<testcase name="test_income_curve_monotonic_with_bounded_era_jumps" classname="test_economy_balance" time="0.101">
		</testcase>
		<testcase name="test_mod_sink_vs_income_sync" classname="test_economy_balance" time="0.101">
		</testcase>
		<testcase name="test_mod_effect_caps" classname="test_economy_balance" time="0.113">
		</testcase>
		<testcase name="test_first_level_affords_cheapest_mod" classname="test_economy_balance" time="0.083">
		</testcase>
	</testsuite>
	<testsuite id="1" name="test_progression_curve_balance" package="tests/unit/balance" timestamp="2026-08-16T03:41:33" hostname="localhost" tests="6" failures="0" errors="0" skipped="0" flaky="0" time="1.530">
		<testcase name="test_difficulty_chain_monotonic" classname="test_progression_curve_balance" time="0.182">
		</testcase>
		<testcase name="test_player_enemy_hp_sync_across_eras" classname="test_progression_curve_balance" time="0.099">
		</testcase>
		<testcase name="test_player_enemy_dps_sync_across_eras" classname="test_progression_curve_balance" time="0.123">
		</testcase>
		<testcase name="test_intra_era_enemy_ramp_capped" classname="test_progression_curve_balance" time="0.123">
		</testcase>
		<testcase name="test_enhance_level_10_multiplier_capped" classname="test_progression_curve_balance" time="0.109">
		</testcase>
		<testcase name="test_enemy_tier_mirrors_player_progression" classname="test_progression_curve_balance" time="0.100">
		</testcase>
	</testsuite>
	<testsuite id="2" name="test_unit_era_balance" package="tests/unit/balance" timestamp="2026-08-16T03:41:35" hostname="localhost" tests="8" failures="0" errors="0" skipped="0" flaky="0" time="1.914">
		<testcase name="test_adjacent_era_dps_ratio_within_threshold" classname="test_unit_era_balance" time="0.129">
		</testcase>
		<testcase name="test_adjacent_era_hp_ratio_within_threshold" classname="test_unit_era_balance" time="0.101">
		</testcase>
		<testcase name="test_intra_era_kind_hp_outlier" classname="test_unit_era_balance" time="0.117">
		</testcase>
		<testcase name="test_aa_specialist_air_is_primary_output" classname="test_unit_era_balance" time="0.097">
		</testcase>
		<testcase name="test_aa_specialist_vs_era_best" classname="test_unit_era_balance" time="0.105">
		</testcase>
		<testcase name="test_no_boundary_violations" classname="test_unit_era_balance" time="0.100">
		</testcase>
		<testcase name="test_card_id_prefix_matches_era" classname="test_unit_era_balance" time="0.120">
		</testcase>
		<testcase name="test_at_specialist_armor_is_primary_output" classname="test_unit_era_balance" time="0.096">
		</testcase>
	</testsuite>
	<testsuite id="3" name="test_blueprint_star_config" package="tests/unit/blueprint" timestamp="2026-08-16T03:41:37" hostname="localhost" tests="5" failures="0" errors="0" skipped="0" flaky="0" time="1.263">
		<testcase name="test_next_star_research_common_matches_v3_table_total" classname="test_blueprint_star_config" time="0.116">
		</testcase>
		<testcase name="test_next_star_research_mythic_matches_v3_table_total" classname="test_blueprint_star_config" time="0.123">
		</testcase>
		<testcase name="test_next_star_at_max_returns_zero" classname="test_blueprint_star_config" time="0.120">
		</testcase>
		<testcase name="test_mod_research_flat_v3" classname="test_blueprint_star_config" time="0.113">
		</testcase>
		<testcase name="test_max_mod_times_is_three_for_common" classname="test_blueprint_star_config" time="0.102">
		</testcase>
	</testsuite>
	<testsuite id="4" name="test_affix_scaling" package="tests/unit/combat" timestamp="2026-08-16T03:41:39" hostname="localhost" tests="2" failures="0" errors="0" skipped="0" flaky="0" time="0.793">
		<testcase name="test_enhance_count_grows_with_level" classname="test_affix_scaling" time="0.114">
		</testcase>
		<testcase name="test_apply_affixes_to_stats_accepts_empty_cards" classname="test_affix_scaling" time="0.126">
		</testcase>
	</testsuite>
	<testsuite id="5" name="test_card_grid_damage" package="tests/unit/combat" timestamp="2026-08-16T03:41:40" hostname="localhost" tests="2" failures="0" errors="0" skipped="0" flaky="0" time="0.554">
		<testcase name="test_defense_damage_multiplier_at_bounds" classname="test_card_grid_damage" time="0.125">
		</testcase>
		<testcase name="test_resolve_hit_percent_mitigation" classname="test_card_grid_damage" time="0.121">
		</testcase>
	</testsuite>
	<testsuite id="6" name="test_damage_calculation" package="tests/unit/combat" timestamp="2026-08-16T03:41:40" hostname="localhost" tests="2" failures="0" errors="0" skipped="0" flaky="0" time="0.561">
		<testcase name="test_calculate_victory_stars_perfect_result_is_three" classname="test_damage_calculation" time="0.118">
		</testcase>
		<testcase name="test_calculate_victory_stars_can_drop_on_losses" classname="test_damage_calculation" time="0.106">
		</testcase>
	</testsuite>
	<testsuite id="7" name="test_enemy_stat_resolver" package="tests/unit/combat" timestamp="2026-08-16T03:41:41" hostname="localhost" tests="8" failures="0" errors="0" skipped="0" flaky="0" time="2.556">
		<testcase name="test_wave_multipliers_match_legacy_constants" classname="test_enemy_stat_resolver" time="0.126">
		</testcase>
		<testcase name="test_resolve_infantry_basic_wave1" classname="test_enemy_stat_resolver" time="0.477">
		</testcase>
		<testcase name="test_resolve_infantry_basic_wave5" classname="test_enemy_stat_resolver" time="0.136">
		</testcase>
		<testcase name="test_resolve_empty_archetype_linear_fallback" classname="test_enemy_stat_resolver" time="0.099">
		</testcase>
		<testcase name="test_master_multipliers_on_unit_stats" classname="test_enemy_stat_resolver" time="0.102">
		</testcase>
		<testcase name="test_master_multipliers_new_coefficients" classname="test_enemy_stat_resolver" time="0.102">
		</testcase>
		<testcase name="test_resolve_classic_enemy_with_master_stats" classname="test_enemy_stat_resolver" time="0.125">
		</testcase>
		<testcase name="test_resolve_classic_enemy_tier_multiplier" classname="test_enemy_stat_resolver" time="0.143">
		</testcase>
	</testsuite>
	<testsuite id="8" name="test_daily_task_manager" package="tests/unit/daily_task" timestamp="2026-08-16T03:41:44" hostname="localhost" tests="26" failures="1" errors="0" skipped="0" flaky="0" time="11.965">
		<testcase name="test_initial_state_no_tasks" classname="test_daily_task_manager" time="0.130">
		</testcase>
		<testcase name="test_initial_completion_rate_zero" classname="test_daily_task_manager" time="0.127">
		</testcase>
		<testcase name="test_refresh_generates_seven_tasks" classname="test_daily_task_manager" time="0.129">
		</testcase>
		<testcase name="test_after_refresh_no_completed_tasks" classname="test_daily_task_manager" time="0.127">
		</testcase>
		<testcase name="test_tasks_have_required_fields" classname="test_daily_task_manager" time="0.174">
		</testcase>
		<testcase name="test_task_initial_progress_and_target" classname="test_daily_task_manager" time="0.133">
		</testcase>
		<testcase name="test_difficulty_distribution" classname="test_daily_task_manager" time="0.128">
		</testcase>
		<testcase name="test_task_types_no_duplicates" classname="test_daily_task_manager" time="0.154">
		</testcase>
		<testcase name="test_update_task_progress" classname="test_daily_task_manager" time="0.121">
		</testcase>
		<testcase name="test_update_task_progress_completes_task" classname="test_daily_task_manager" time="0.139">
		</testcase>
		<testcase name="test_task_completed_signal_emitted" classname="test_daily_task_manager" time="0.148">
		</testcase>
		<testcase name="test_daily_tasks_refreshed_signal" classname="test_daily_task_manager" time="0.126">
		</testcase>
		<testcase name="test_claim_task_reward_completed" classname="test_daily_task_manager" time="0.443">
		</testcase>
		<testcase name="test_claim_sets_claimed_flag" classname="test_daily_task_manager" time="0.135">
		</testcase>
		<testcase name="test_claim_incomplete_task_returns_false" classname="test_daily_task_manager" time="0.130">
		</testcase>
		<testcase name="test_claim_already_claimed_returns_false" classname="test_daily_task_manager" time="0.135">
		</testcase>
		<testcase name="test_claim_nonexistent_task_returns_false" classname="test_daily_task_manager" time="0.121">
		</testcase>
		<testcase name="test_completion_rate_after_partial" classname="test_daily_task_manager" time="0.156">
			<failure message="FAILED: res://tests/unit/daily_task/test_daily_task_manager.gd:151" type="FAILURE">
<![CDATA[
Expecting emit signal: 'task_completed()' but timed out after 2s 0ms
]]>
			</failure>
		</testcase>
		<testcase name="test_get_task_stats" classname="test_daily_task_manager" time="0.137">
		</testcase>
		<testcase name="test_get_task_type_name" classname="test_daily_task_manager" time="0.135">
		</testcase>
		<testcase name="test_get_difficulty_name" classname="test_daily_task_manager" time="0.359">
		</testcase>
		<testcase name="test_get_difficulty_color" classname="test_daily_task_manager" time="0.200">
		</testcase>
		<testcase name="test_save_load_state_roundtrip" classname="test_daily_task_manager" time="0.133">
		</testcase>
		<testcase name="test_get_task_target_known_combinations" classname="test_daily_task_manager" time="0.174">
		</testcase>
		<testcase name="test_force_refresh_resets_tasks" classname="test_daily_task_manager" time="0.128">
		</testcase>
		<testcase name="test_multiple_refreshes_no_errors" classname="test_daily_task_manager" time="0.119">
		</testcase>
	</testsuite>
	<testsuite id="9" name="modification_modules_test" package="tests/unit/data" timestamp="2026-08-16T03:41:56" hostname="localhost" tests="8" failures="5" errors="0" skipped="0" flaky="0" time="4.234">
		<testcase name="test_infantry_modifications_count" classname="modification_modules_test" time="0.116">
			<failure message="FAILED: res://tests/unit/data/modification_modules_test.gd:13" type="FAILURE">
<![CDATA[
步兵应有22个改造
]]>
			</failure>
		</testcase>
		<testcase name="test_infantry_modifications_data_completeness" classname="modification_modules_test" time="0.195">
		</testcase>
		<testcase name="test_armor_modifications_count" classname="modification_modules_test" time="0.115">
			<failure message="FAILED: res://tests/unit/data/modification_modules_test.gd:33" type="FAILURE">
<![CDATA[
装甲应有15个改造
]]>
			</failure>
		</testcase>
		<testcase name="test_modification_id_uniqueness" classname="modification_modules_test" time="0.208">
		</testcase>
		<testcase name="test_conflict_groups" classname="modification_modules_test" time="0.168">
		</testcase>
		<testcase name="test_modification_for_unit_type" classname="modification_modules_test" time="0.164">
			<failure message="FAILED: res://tests/unit/data/modification_modules_test.gd:52" type="FAILURE">
<![CDATA[
Expecting:
 '22'
 but was
 '27'
]]>
			</failure>
			<failure message="FAILED: res://tests/unit/data/modification_modules_test.gd:54" type="FAILURE">
<![CDATA[
Expecting:
 '15'
 but was
 '16'
]]>
			</failure>
		</testcase>
		<testcase name="test_effects_structure" classname="modification_modules_test" time="0.273">
		</testcase>
		<testcase name="test_total_modification_count" classname="modification_modules_test" time="0.258">
			<failure message="FAILED: res://tests/unit/data/modification_modules_test.gd:71" type="FAILURE">
<![CDATA[
Expecting: 'true' but is 'false'
]]>
			</failure>
		</testcase>
	</testsuite>
	<testsuite id="10" name="test_battle_card_v3" package="tests/unit/data" timestamp="2026-08-16T03:42:02" hostname="localhost" tests="6" failures="1" errors="0" skipped="0" flaky="0" time="3.658">
		<testcase name="test_era_multipliers_at_bounds" classname="test_battle_card_v3" time="0.252">
		</testcase>
		<testcase name="test_star_stat_multiplier" classname="test_battle_card_v3" time="0.253">
		</testcase>
		<testcase name="test_enhance_stat_multiplier" classname="test_battle_card_v3" time="0.212">
		</testcase>
		<testcase name="test_evolution_inherit_bonus_clamped" classname="test_battle_card_v3" time="0.173">
		</testcase>
		<testcase name="test_unit_stats_table_era_scales_hp_and_weapon_damage" classname="test_battle_card_v3" time="0.155">
		</testcase>
		<testcase name="test_siege_enhance_growth_bias_exceeds_scout" classname="test_battle_card_v3" time="0.124">
			<failure message="FAILED: res://tests/unit/data/test_battle_card_v3.gd:75" type="FAILURE">
<![CDATA[
Expecting to be greater than:
 '1.500000' but was '1.000000'
]]>
			</failure>
		</testcase>
	</testsuite>
	<testsuite id="11" name="test_enemy_archetypes" package="tests/unit/data" timestamp="2026-08-16T03:42:05" hostname="localhost" tests="2" failures="0" errors="0" skipped="0" flaky="0" time="0.586">
		<testcase name="test_archetypes_dictionary_is_not_empty" classname="test_enemy_archetypes" time="0.115">
		</testcase>
		<testcase name="test_archetype_entries_have_base_fields" classname="test_enemy_archetypes" time="0.144">
		</testcase>
	</testsuite>
	<testsuite id="12" name="test_level_information" package="tests/unit/data" timestamp="2026-08-16T03:42:06" hostname="localhost" tests="2" failures="0" errors="0" skipped="0" flaky="0" time="0.560">
		<testcase name="test_level_info_returns_dictionary" classname="test_level_information" time="0.122">
		</testcase>
		<testcase name="test_level_info_contains_expected_fields" classname="test_level_information" time="0.122">
		</testcase>
	</testsuite>
	<testsuite id="13" name="test_phase_instruments_unified" package="tests/unit/data" timestamp="2026-08-16T03:42:07" hostname="localhost" tests="7" failures="6" errors="0" skipped="0" flaky="0" time="4.406">
		<testcase name="test_enemy_migrated_ids_exist" classname="test_phase_instruments_unified" time="0.293">
		</testcase>
		<testcase name="test_enemy_instruments_have_slot_counts_and_level" classname="test_phase_instruments_unified" time="0.139">
		</testcase>
		<testcase name="test_enemy_active_ability_ids_bare" classname="test_phase_instruments_unified" time="0.234">
		</testcase>
		<testcase name="test_enemy_bare_instruments_have_empty_active_ability" classname="test_phase_instruments_unified" time="0.891">
			<failure message="FAILED: res://tests/unit/data/test_phase_instruments_unified.gd:42" type="FAILURE">
<![CDATA[
Expecting: 'true' but is 'false'
]]>
			</failure>
			<failure message="FAILED: res://tests/unit/data/test_phase_instruments_unified.gd:42" type="FAILURE">
<![CDATA[
Expecting: 'true' but is 'false'
]]>
			</failure>
			<failure message="FAILED: res://tests/unit/data/test_phase_instruments_unified.gd:42" type="FAILURE">
<![CDATA[
Expecting: 'true' but is 'false'
]]>
			</failure>
			<failure message="FAILED: res://tests/unit/data/test_phase_instruments_unified.gd:42" type="FAILURE">
<![CDATA[
Expecting: 'true' but is 'false'
]]>
			</failure>
			<failure message="FAILED: res://tests/unit/data/test_phase_instruments_unified.gd:42" type="FAILURE">
<![CDATA[
Expecting: 'true' but is 'false'
]]>
			</failure>
			<failure message="FAILED: res://tests/unit/data/test_phase_instruments_unified.gd:42" type="FAILURE">
<![CDATA[
Expecting: 'true' but is 'false'
]]>
			</failure>
		</testcase>
		<testcase name="test_all_enemy_ids_unique_and_present" classname="test_phase_instruments_unified" time="1.032">
		</testcase>
		<testcase name="test_player_instruments_still_present" classname="test_phase_instruments_unified" time="0.198">
		</testcase>
		<testcase name="test_total_instrument_count" classname="test_phase_instruments_unified" time="0.152">
		</testcase>
	</testsuite>
	<testsuite id="14" name="test_drop_tables" package="tests/unit/economy" timestamp="2026-08-16T03:42:11" hostname="localhost" tests="2" failures="0" errors="0" skipped="0" flaky="0" time="0.594">
		<testcase name="test_generate_drops_returns_array" classname="test_drop_tables" time="0.134">
		</testcase>
		<testcase name="test_generate_boss_drops_returns_array" classname="test_drop_tables" time="0.122">
		</testcase>
	</testsuite>
	<testsuite id="15" name="test_energy_economy" package="tests/unit/economy" timestamp="2026-08-16T03:42:12" hostname="localhost" tests="2" failures="0" errors="0" skipped="0" flaky="0" time="0.824">
		<testcase name="test_spend_then_add_returns_expected_balance" classname="test_energy_economy" time="0.124">
		</testcase>
		<testcase name="test_spend_insufficient_preserves_balance" classname="test_energy_economy" time="0.125">
		</testcase>
	</testsuite>
	<testsuite id="16" name="test_energy_manager" package="tests/unit/energy" timestamp="2026-08-16T03:42:13" hostname="localhost" tests="17" failures="0" errors="0" skipped="0" flaky="0" time="7.647">
		<testcase name="test_initial_energy" classname="test_energy_manager" time="0.208">
		</testcase>
		<testcase name="test_getters" classname="test_energy_manager" time="0.120">
		</testcase>
		<testcase name="test_can_afford_true" classname="test_energy_manager" time="0.134">
		</testcase>
		<testcase name="test_can_afford_false" classname="test_energy_manager" time="0.121">
		</testcase>
		<testcase name="test_can_afford_exact" classname="test_energy_manager" time="0.128">
		</testcase>
		<testcase name="test_spend_success" classname="test_energy_manager" time="0.118">
		</testcase>
		<testcase name="test_spend_insufficient" classname="test_energy_manager" time="0.137">
		</testcase>
		<testcase name="test_spend_does_not_go_below_zero" classname="test_energy_manager" time="0.105">
		</testcase>
		<testcase name="test_add_energy" classname="test_energy_manager" time="0.113">
		</testcase>
		<testcase name="test_add_energy_clamps_to_max" classname="test_energy_manager" time="0.135">
		</testcase>
		<testcase name="test_add_negative_energy_clamps_to_zero" classname="test_energy_manager" time="0.124">
		</testcase>
		<testcase name="test_spend_zero" classname="test_energy_manager" time="0.134">
		</testcase>
		<testcase name="test_reset_to_start" classname="test_energy_manager" time="0.132">
		</testcase>
		<testcase name="test_start_battle" classname="test_energy_manager" time="0.216">
		</testcase>
		<testcase name="test_start_battle_no_energy_cards_uses_defaults" classname="test_energy_manager" time="0.122">
		</testcase>
		<testcase name="test_end_battle" classname="test_energy_manager" time="0.181">
		</testcase>
		<testcase name="test_start_battle_guarantees_base_start_positive" classname="test_energy_manager" time="0.336">
		</testcase>
	</testsuite>
	<testsuite id="17" name="test_master_power_distribution" package="tests/unit/managers" timestamp="2026-08-16T03:42:21" hostname="localhost" tests="1" failures="0" errors="0" skipped="0" flaky="0" time="7.506">
		<testcase name="test_print_enemy_power_distribution" classname="test_master_power_distribution" time="7.308">
		</testcase>
	</testsuite>
	<testsuite id="18" name="test_player_master_power" package="tests/unit/managers" timestamp="2026-08-16T03:42:29" hostname="localhost" tests="3" failures="0" errors="0" skipped="0" flaky="0" time="0.841">
		<testcase name="test_single_card_power_positive" classname="test_player_master_power" time="0.122">
		</testcase>
		<testcase name="test_more_cards_more_power" classname="test_player_master_power" time="0.133">
		</testcase>
		<testcase name="test_instrument_bonus_enters_card_power" classname="test_player_master_power" time="0.131">
		</testcase>
	</testsuite>
	<testsuite id="19" name="test_ui_compile_check" package="tests/unit/managers" timestamp="2026-08-16T03:42:30" hostname="localhost" tests="1" failures="0" errors="0" skipped="0" flaky="0" time="0.318">
		<testcase name="test_scripts_compile" classname="test_ui_compile_check" time="0.106">
		</testcase>
	</testsuite>
	<testsuite id="20" name="test_evolution_hp_floor" package="tests/unit/progression" timestamp="2026-08-16T03:42:30" hostname="localhost" tests="2" failures="1" errors="0" skipped="0" flaky="0" time="0.966">
		<testcase name="test_evolution_hp_floor_applied_after_growth" classname="test_evolution_hp_floor" time="0.120">
		</testcase>
		<testcase name="test_ww1_to_ww2_evolve_floor_not_below_prior_effective_hp" classname="test_evolution_hp_floor" time="0.147">
			<failure message="FAILED: res://tests/unit/progression/test_evolution_hp_floor.gd:47" type="FAILURE">
<![CDATA[
Expecting to be greater than or equal:
 '339.890000' but was '240.240000'
]]>
			</failure>
		</testcase>
	</testsuite>
	<testsuite id="21" name="test_unit_lineage_config" package="tests/unit/progression" timestamp="2026-08-16T03:42:31" hostname="localhost" tests="7" failures="0" errors="0" skipped="0" flaky="0" time="2.205">
		<testcase name="test_localize_evolve_reason_known_keys" classname="test_unit_lineage_config" time="0.128">
		</testcase>
		<testcase name="test_localize_evolve_reason_unknown_passthrough" classname="test_unit_lineage_config" time="0.108">
		</testcase>
		<testcase name="test_validate_lineage_targets_all_resolvable" classname="test_unit_lineage_config" time="0.128">
		</testcase>
		<testcase name="test_lineage_count_includes_era_ladder_entries" classname="test_unit_lineage_config" time="0.115">
		</testcase>
		<testcase name="test_ww1_medium_has_evolution_path" classname="test_unit_lineage_config" time="0.137">
		</testcase>
		<testcase name="test_evolution_graph_builder_lists_units_by_era" classname="test_unit_lineage_config" time="0.402">
		</testcase>
		<testcase name="test_predecessors_for_ww2_light" classname="test_unit_lineage_config" time="0.107">
		</testcase>
	</testsuite>
	<testsuite id="22" name="test_basic_resource_manager" package="tests/unit/resources" timestamp="2026-08-16T03:42:34" hostname="localhost" tests="22" failures="0" errors="0" skipped="0" flaky="0" time="8.554">
		<testcase name="test_initial_state_all_zero" classname="test_basic_resource_manager" time="0.128">
		</testcase>
		<testcase name="test_add_resource_nano_materials" classname="test_basic_resource_manager" time="0.120">
		</testcase>
		<testcase name="test_add_resource_alloy" classname="test_basic_resource_manager" time="0.155">
		</testcase>
		<testcase name="test_add_resource_crystal" classname="test_basic_resource_manager" time="0.119">
		</testcase>
		<testcase name="test_add_resource_energy_block" classname="test_basic_resource_manager" time="0.132">
		</testcase>
		<testcase name="test_add_resource_zero_does_nothing" classname="test_basic_resource_manager" time="0.110">
		</testcase>
		<testcase name="test_add_resource_unknown_id_ignored" classname="test_basic_resource_manager" time="0.134">
		</testcase>
		<testcase name="test_add_resource_negative_clamps_to_zero" classname="test_basic_resource_manager" time="0.121">
		</testcase>
		<testcase name="test_get_total_returns_correct_value" classname="test_basic_resource_manager" time="0.122">
		</testcase>
		<testcase name="test_get_total_unknown_id_returns_zero" classname="test_basic_resource_manager" time="0.106">
		</testcase>
		<testcase name="test_get_total_legacy_id_basic_nano" classname="test_basic_resource_manager" time="0.109">
		</testcase>
		<testcase name="test_add_resource_legacy_id_basic_nano" classname="test_basic_resource_manager" time="0.127">
		</testcase>
		<testcase name="test_add_nano_syncs_basic_nano_compat_var" classname="test_basic_resource_manager" time="0.136">
		</testcase>
		<testcase name="test_add_basic_resource_works" classname="test_basic_resource_manager" time="0.135">
		</testcase>
		<testcase name="test_add_resource_multiple_times" classname="test_basic_resource_manager" time="0.113">
		</testcase>
		<testcase name="test_get_all_totals" classname="test_basic_resource_manager" time="0.136">
		</testcase>
		<testcase name="test_save_state" classname="test_basic_resource_manager" time="0.133">
		</testcase>
		<testcase name="test_load_state" classname="test_basic_resource_manager" time="0.159">
		</testcase>
		<testcase name="test_load_state_missing_fields_default_to_zero" classname="test_basic_resource_manager" time="0.145">
		</testcase>
		<testcase name="test_load_state_fallback_to_basic_nano_field" classname="test_basic_resource_manager" time="0.129">
		</testcase>
		<testcase name="test_resources_changed_signal_emitted" classname="test_basic_resource_manager" time="0.124">
		</testcase>
		<testcase name="test_resources_changed_not_emitted_for_zero" classname="test_basic_resource_manager" time="0.127">
		</testcase>
	</testsuite>
	<testsuite id="23" name="test_save_integrity" package="tests/unit/save" timestamp="2026-08-16T03:42:43" hostname="localhost" tests="2" failures="0" errors="0" skipped="0" flaky="0" time="0.870">
		<testcase name="test_slot_set_and_get_roundtrip" classname="test_save_integrity" time="0.109">
		</testcase>
		<testcase name="test_slot_file_path_contains_slot_number" classname="test_save_integrity" time="0.128">
		</testcase>
	</testsuite>
	<testsuite id="24" name="test_save_migration" package="tests/unit/save" timestamp="2026-08-16T03:42:44" hostname="localhost" tests="2" failures="0" errors="0" skipped="0" flaky="0" time="0.870">
		<testcase name="test_legacy_paths_are_stable_strings" classname="test_save_migration" time="0.119">
		</testcase>
		<testcase name="test_migration_hook_executes_without_throwing" classname="test_save_migration" time="0.126">
		</testcase>
	</testsuite>
</testsuites>
