<?xml version="1.0" encoding="UTF-8" ?>
<testsuites id="2026-08-16" name="report_49" tests="6" failures="1" skipped="0" flaky="0" time="0.000">
	<testsuite id="0" name="test_progression_curve_balance" package="tests/unit/balance" timestamp="2026-08-16T03:34:07" hostname="localhost" tests="6" failures="1" errors="0" skipped="0" flaky="0" time="1.399">
		<testcase name="test_difficulty_chain_monotonic" classname="test_progression_curve_balance" time="0.145">
			<failure message="FAILED: res://tests/unit/balance/test_progression_curve_balance.gd:97" type="FAILURE">
<![CDATA[

全程链值极差 17.1 > 8.0
]]>
			</failure>
		</testcase>
		<testcase name="test_player_enemy_hp_sync_across_eras" classname="test_progression_curve_balance" time="0.116">
		</testcase>
		<testcase name="test_player_enemy_dps_sync_across_eras" classname="test_progression_curve_balance" time="0.099">
		</testcase>
		<testcase name="test_intra_era_enemy_ramp_capped" classname="test_progression_curve_balance" time="0.092">
		</testcase>
		<testcase name="test_enhance_level_10_multiplier_capped" classname="test_progression_curve_balance" time="0.131">
		</testcase>
		<testcase name="test_enemy_tier_mirrors_player_progression" classname="test_progression_curve_balance" time="0.085">
		</testcase>
	</testsuite>
</testsuites>
