<?xml version="1.0" encoding="UTF-8" ?>
<testsuites id="2026-08-16" name="report_45" tests="13" failures="1" skipped="0" flaky="0" time="0.000">
	<testsuite id="0" name="test_economy_balance" package="tests/unit/balance" timestamp="2026-08-16T03:26:15" hostname="localhost" tests="5" failures="0" errors="16" skipped="0" flaky="0" time="3.820">
		<testcase name="test_deploy_energy_differentiated" classname="test_economy_balance" time="0.160">
		</testcase>
		<testcase name="test_income_curve_monotonic_with_bounded_era_jumps" classname="test_economy_balance" time="0.124">
		</testcase>
		<testcase name="test_mod_sink_vs_income_sync" classname="test_economy_balance" time="0.118">
		</testcase>
		<testcase name="test_mod_effect_caps" classname="test_economy_balance" time="0.608">
			<error message="ERROR: res://tests/unit/balance/test_economy_balance.gd:159" type="ABORT">
<![CDATA[
Godot Runtime Error !
	'at: EconomyBalanceTest._scan_effect_caps (res://tests/unit/balance/test_economy_balance.gd:159)'
Error: 'Invalid call. Nonexistent 'String' constructor.'
]]>
			</error>
			<error message="ERROR: res://tests/unit/balance/test_economy_balance.gd:159" type="ABORT">
<![CDATA[
Godot Runtime Error !
	'at: EconomyBalanceTest._scan_effect_caps (res://tests/unit/balance/test_economy_balance.gd:159)'
Error: 'Invalid call. Nonexistent 'String' constructor.'
]]>
			</error>
			<error message="ERROR: res://tests/unit/balance/test_economy_balance.gd:159" type="ABORT">
<![CDATA[
Godot Runtime Error !
	'at: EconomyBalanceTest._scan_effect_caps (res://tests/unit/balance/test_economy_balance.gd:159)'
Error: 'Invalid call. Nonexistent 'String' constructor.'
]]>
			</error>
			<error message="ERROR: res://tests/unit/balance/test_economy_balance.gd:159" type="ABORT">
<![CDATA[
Godot Runtime Error !
	'at: EconomyBalanceTest._scan_effect_caps (res://tests/unit/balance/test_economy_balance.gd:159)'
Error: 'Invalid call. Nonexistent 'String' constructor.'
]]>
			</error>
			<error message="ERROR: res://tests/unit/balance/test_economy_balance.gd:159" type="ABORT">
<![CDATA[
Godot Runtime Error !
	'at: EconomyBalanceTest._scan_effect_caps (res://tests/unit/balance/test_economy_balance.gd:159)'
Error: 'Invalid call. Nonexistent 'String' constructor.'
]]>
			</error>
			<error message="ERROR: res://tests/unit/balance/test_economy_balance.gd:159" type="ABORT">
<![CDATA[
Godot Runtime Error !
	'at: EconomyBalanceTest._scan_effect_caps (res://tests/unit/balance/test_economy_balance.gd:159)'
Error: 'Invalid call. Nonexistent 'String' constructor.'
]]>
			</error>
			<error message="ERROR: res://tests/unit/balance/test_economy_balance.gd:159" type="ABORT">
<![CDATA[
Godot Runtime Error !
	'at: EconomyBalanceTest._scan_effect_caps (res://tests/unit/balance/test_economy_balance.gd:159)'
Error: 'Invalid call. Nonexistent 'String' constructor.'
]]>
			</error>
			<error message="ERROR: res://tests/unit/balance/test_economy_balance.gd:159" type="ABORT">
<![CDATA[
Godot Runtime Error !
	'at: EconomyBalanceTest._scan_effect_caps (res://tests/unit/balance/test_economy_balance.gd:159)'
Error: 'Invalid call. Nonexistent 'String' constructor.'
]]>
			</error>
			<error message="ERROR: res://tests/unit/balance/test_economy_balance.gd:159" type="ABORT">
<![CDATA[
Godot Runtime Error !
	'at: EconomyBalanceTest._scan_effect_caps (res://tests/unit/balance/test_economy_balance.gd:159)'
Error: 'Invalid call. Nonexistent 'String' constructor.'
]]>
			</error>
			<error message="ERROR: res://tests/unit/balance/test_economy_balance.gd:159" type="ABORT">
<![CDATA[
Godot Runtime Error !
	'at: EconomyBalanceTest._scan_effect_caps (res://tests/unit/balance/test_economy_balance.gd:159)'
Error: 'Invalid call. Nonexistent 'String' constructor.'
]]>
			</error>
			<error message="ERROR: res://tests/unit/balance/test_economy_balance.gd:159" type="ABORT">
<![CDATA[
Godot Runtime Error !
	'at: EconomyBalanceTest._scan_effect_caps (res://tests/unit/balance/test_economy_balance.gd:159)'
Error: 'Invalid call. Nonexistent 'String' constructor.'
]]>
			</error>
			<error message="ERROR: res://tests/unit/balance/test_economy_balance.gd:159" type="ABORT">
<![CDATA[
Godot Runtime Error !
	'at: EconomyBalanceTest._scan_effect_caps (res://tests/unit/balance/test_economy_balance.gd:159)'
Error: 'Invalid call. Nonexistent 'String' constructor.'
]]>
			</error>
			<error message="ERROR: res://tests/unit/balance/test_economy_balance.gd:159" type="ABORT">
<![CDATA[
Godot Runtime Error !
	'at: EconomyBalanceTest._scan_effect_caps (res://tests/unit/balance/test_economy_balance.gd:159)'
Error: 'Invalid call. Nonexistent 'String' constructor.'
]]>
			</error>
			<error message="ERROR: res://tests/unit/balance/test_economy_balance.gd:159" type="ABORT">
<![CDATA[
Godot Runtime Error !
	'at: EconomyBalanceTest._scan_effect_caps (res://tests/unit/balance/test_economy_balance.gd:159)'
Error: 'Invalid call. Nonexistent 'String' constructor.'
]]>
			</error>
			<error message="ERROR: res://tests/unit/balance/test_economy_balance.gd:159" type="ABORT">
<![CDATA[
Godot Runtime Error !
	'at: EconomyBalanceTest._scan_effect_caps (res://tests/unit/balance/test_economy_balance.gd:159)'
Error: 'Invalid call. Nonexistent 'String' constructor.'
]]>
			</error>
			<error message="ERROR: res://tests/unit/balance/test_economy_balance.gd:159" type="ABORT">
<![CDATA[
Godot Runtime Error !
	'at: EconomyBalanceTest._scan_effect_caps (res://tests/unit/balance/test_economy_balance.gd:159)'
Error: 'Invalid call. Nonexistent 'String' constructor.'
]]>
			</error>
		</testcase>
		<testcase name="test_first_level_affords_cheapest_mod" classname="test_economy_balance" time="0.132">
		</testcase>
	</testsuite>
	<testsuite id="1" name="test_unit_era_balance" package="tests/unit/balance" timestamp="2026-08-16T03:26:19" hostname="localhost" tests="8" failures="1" errors="0" skipped="0" flaky="0" time="2.094">
		<testcase name="test_adjacent_era_dps_ratio_within_threshold" classname="test_unit_era_balance" time="0.114">
			<failure message="FAILED: res://tests/unit/balance/test_unit_era_balance.gd:103" type="FAILURE">
<![CDATA[

era 2→3 DPS中位数比 1.86 > 1.60（中位数 [68.0, 155.5, 235.5, 437.5, 456.0]）
]]>
			</failure>
		</testcase>
		<testcase name="test_adjacent_era_hp_ratio_within_threshold" classname="test_unit_era_balance" time="0.143">
		</testcase>
		<testcase name="test_intra_era_kind_hp_outlier" classname="test_unit_era_balance" time="0.101">
		</testcase>
		<testcase name="test_aa_specialist_air_is_primary_output" classname="test_unit_era_balance" time="0.101">
		</testcase>
		<testcase name="test_aa_specialist_vs_era_best" classname="test_unit_era_balance" time="0.100">
		</testcase>
		<testcase name="test_no_boundary_violations" classname="test_unit_era_balance" time="0.116">
		</testcase>
		<testcase name="test_card_id_prefix_matches_era" classname="test_unit_era_balance" time="0.116">
		</testcase>
		<testcase name="test_at_specialist_armor_is_primary_output" classname="test_unit_era_balance" time="0.097">
		</testcase>
	</testsuite>
</testsuites>
