<?xml version="1.0" encoding="UTF-8" ?>
<testsuites id="2026-08-16" name="report_47" tests="5" failures="0" skipped="0" flaky="0" time="0.000">
	<testsuite id="0" name="test_economy_balance" package="tests/unit/balance" timestamp="2026-08-16T03:29:56" hostname="localhost" tests="5" failures="0" errors="16" skipped="0" flaky="0" time="3.793">
		<testcase name="test_deploy_energy_differentiated" classname="test_economy_balance" time="0.144">
		</testcase>
		<testcase name="test_income_curve_monotonic_with_bounded_era_jumps" classname="test_economy_balance" time="0.121">
		</testcase>
		<testcase name="test_mod_sink_vs_income_sync" classname="test_economy_balance" time="0.105">
		</testcase>
		<testcase name="test_mod_effect_caps" classname="test_economy_balance" time="0.641">
			<error message="ERROR: res://tests/unit/balance/test_economy_balance.gd:159" type="ABORT">
<![CDATA[
Godot Runtime Error !
	'at: EconomyBalanceTest._scan_effect_caps (res://tests/unit/balance/test_economy_balance.gd:159)'
Error: 'Invalid call. Nonexistent 'String' constructor.'
]]>
			</error>
			<error message="ERROR: res://tests/unit/balance/test_economy_balance.gd:159" type="ABORT">
<![CDATA[
Godot Runtime Error !
	'at: EconomyBalanceTest._scan_effect_caps (res://tests/unit/balance/test_economy_balance.gd:159)'
Error: 'Invalid call. Nonexistent 'String' constructor.'
]]>
			</error>
			<error message="ERROR: res://tests/unit/balance/test_economy_balance.gd:159" type="ABORT">
<![CDATA[
Godot Runtime Error !
	'at: EconomyBalanceTest._scan_effect_caps (res://tests/unit/balance/test_economy_balance.gd:159)'
Error: 'Invalid call. Nonexistent 'String' constructor.'
]]>
			</error>
			<error message="ERROR: res://tests/unit/balance/test_economy_balance.gd:159" type="ABORT">
<![CDATA[
Godot Runtime Error !
	'at: EconomyBalanceTest._scan_effect_caps (res://tests/unit/balance/test_economy_balance.gd:159)'
Error: 'Invalid call. Nonexistent 'String' constructor.'
]]>
			</error>
			<error message="ERROR: res://tests/unit/balance/test_economy_balance.gd:159" type="ABORT">
<![CDATA[
Godot Runtime Error !
	'at: EconomyBalanceTest._scan_effect_caps (res://tests/unit/balance/test_economy_balance.gd:159)'
Error: 'Invalid call. Nonexistent 'String' constructor.'
]]>
			</error>
			<error message="ERROR: res://tests/unit/balance/test_economy_balance.gd:159" type="ABORT">
<![CDATA[
Godot Runtime Error !
	'at: EconomyBalanceTest._scan_effect_caps (res://tests/unit/balance/test_economy_balance.gd:159)'
Error: 'Invalid call. Nonexistent 'String' constructor.'
]]>
			</error>
			<error message="ERROR: res://tests/unit/balance/test_economy_balance.gd:159" type="ABORT">
<![CDATA[
Godot Runtime Error !
	'at: EconomyBalanceTest._scan_effect_caps (res://tests/unit/balance/test_economy_balance.gd:159)'
Error: 'Invalid call. Nonexistent 'String' constructor.'
]]>
			</error>
			<error message="ERROR: res://tests/unit/balance/test_economy_balance.gd:159" type="ABORT">
<![CDATA[
Godot Runtime Error !
	'at: EconomyBalanceTest._scan_effect_caps (res://tests/unit/balance/test_economy_balance.gd:159)'
Error: 'Invalid call. Nonexistent 'String' constructor.'
]]>
			</error>
			<error message="ERROR: res://tests/unit/balance/test_economy_balance.gd:159" type="ABORT">
<![CDATA[
Godot Runtime Error !
	'at: EconomyBalanceTest._scan_effect_caps (res://tests/unit/balance/test_economy_balance.gd:159)'
Error: 'Invalid call. Nonexistent 'String' constructor.'
]]>
			</error>
			<error message="ERROR: res://tests/unit/balance/test_economy_balance.gd:159" type="ABORT">
<![CDATA[
Godot Runtime Error !
	'at: EconomyBalanceTest._scan_effect_caps (res://tests/unit/balance/test_economy_balance.gd:159)'
Error: 'Invalid call. Nonexistent 'String' constructor.'
]]>
			</error>
			<error message="ERROR: res://tests/unit/balance/test_economy_balance.gd:159" type="ABORT">
<![CDATA[
Godot Runtime Error !
	'at: EconomyBalanceTest._scan_effect_caps (res://tests/unit/balance/test_economy_balance.gd:159)'
Error: 'Invalid call. Nonexistent 'String' constructor.'
]]>
			</error>
			<error message="ERROR: res://tests/unit/balance/test_economy_balance.gd:159" type="ABORT">
<![CDATA[
Godot Runtime Error !
	'at: EconomyBalanceTest._scan_effect_caps (res://tests/unit/balance/test_economy_balance.gd:159)'
Error: 'Invalid call. Nonexistent 'String' constructor.'
]]>
			</error>
			<error message="ERROR: res://tests/unit/balance/test_economy_balance.gd:159" type="ABORT">
<![CDATA[
Godot Runtime Error !
	'at: EconomyBalanceTest._scan_effect_caps (res://tests/unit/balance/test_economy_balance.gd:159)'
Error: 'Invalid call. Nonexistent 'String' constructor.'
]]>
			</error>
			<error message="ERROR: res://tests/unit/balance/test_economy_balance.gd:159" type="ABORT">
<![CDATA[
Godot Runtime Error !
	'at: EconomyBalanceTest._scan_effect_caps (res://tests/unit/balance/test_economy_balance.gd:159)'
Error: 'Invalid call. Nonexistent 'String' constructor.'
]]>
			</error>
			<error message="ERROR: res://tests/unit/balance/test_economy_balance.gd:159" type="ABORT">
<![CDATA[
Godot Runtime Error !
	'at: EconomyBalanceTest._scan_effect_caps (res://tests/unit/balance/test_economy_balance.gd:159)'
Error: 'Invalid call. Nonexistent 'String' constructor.'
]]>
			</error>
			<error message="ERROR: res://tests/unit/balance/test_economy_balance.gd:159" type="ABORT">
<![CDATA[
Godot Runtime Error !
	'at: EconomyBalanceTest._scan_effect_caps (res://tests/unit/balance/test_economy_balance.gd:159)'
Error: 'Invalid call. Nonexistent 'String' constructor.'
]]>
			</error>
		</testcase>
		<testcase name="test_first_level_affords_cheapest_mod" classname="test_economy_balance" time="0.109">
		</testcase>
	</testsuite>
</testsuites>
