<?xml version="1.0" encoding="UTF-8" ?>
<testsuites id="2026-07-16" name="report_29" tests="25" failures="6" skipped="0" flaky="0" time="0.000">
	<testsuite id="0" name="modification_modules_test" package="tests/unit/data" timestamp="2026-07-16T09:17:27" hostname="localhost" tests="8" failures="5" errors="0" skipped="0" flaky="0" time="0.402">
		<testcase name="test_infantry_modifications_count" classname="modification_modules_test" time="0.034">
			<failure message="FAILED: res://tests/unit/data/modification_modules_test.gd:13" type="FAILURE">
<![CDATA[
步兵应有22个改造
]]>
			</failure>
		</testcase>
		<testcase name="test_infantry_modifications_data_completeness" classname="modification_modules_test" time="0.032">
		</testcase>
		<testcase name="test_armor_modifications_count" classname="modification_modules_test" time="0.033">
			<failure message="FAILED: res://tests/unit/data/modification_modules_test.gd:33" type="FAILURE">
<![CDATA[
装甲应有15个改造
]]>
			</failure>
		</testcase>
		<testcase name="test_modification_id_uniqueness" classname="modification_modules_test" time="0.033">
		</testcase>
		<testcase name="test_conflict_groups" classname="modification_modules_test" time="0.033">
		</testcase>
		<testcase name="test_modification_for_unit_type" classname="modification_modules_test" time="0.033">
			<failure message="FAILED: res://tests/unit/data/modification_modules_test.gd:52" type="FAILURE">
<![CDATA[
Expecting:
 '22'
 but was
 '25'
]]>
			</failure>
			<failure message="FAILED: res://tests/unit/data/modification_modules_test.gd:54" type="FAILURE">
<![CDATA[
Expecting:
 '15'
 but was
 '16'
]]>
			</failure>
		</testcase>
		<testcase name="test_effects_structure" classname="modification_modules_test" time="0.033">
		</testcase>
		<testcase name="test_total_modification_count" classname="modification_modules_test" time="0.033">
			<failure message="FAILED: res://tests/unit/data/modification_modules_test.gd:71" type="FAILURE">
<![CDATA[
Expecting: 'true' but is 'false'
]]>
			</failure>
		</testcase>
	</testsuite>
	<testsuite id="1" name="test_battle_card_v3" package="tests/unit/data" timestamp="2026-07-16T09:17:27" hostname="localhost" tests="6" failures="1" errors="0" skipped="0" flaky="0" time="0.317">
		<testcase name="test_era_multipliers_at_bounds" classname="test_battle_card_v3" time="0.049">
		</testcase>
		<testcase name="test_star_stat_multiplier" classname="test_battle_card_v3" time="0.033">
		</testcase>
		<testcase name="test_enhance_stat_multiplier" classname="test_battle_card_v3" time="0.033">
		</testcase>
		<testcase name="test_evolution_inherit_bonus_clamped" classname="test_battle_card_v3" time="0.032">
		</testcase>
		<testcase name="test_unit_stats_table_era_scales_hp_and_weapon_damage" classname="test_battle_card_v3" time="0.033">
		</testcase>
		<testcase name="test_siege_enhance_growth_bias_exceeds_scout" classname="test_battle_card_v3" time="0.033">
			<failure message="FAILED: res://tests/unit/data/test_battle_card_v3.gd:75" type="FAILURE">
<![CDATA[
Expecting to be greater than:
 '1.500000' but was '1.000000'
]]>
			</failure>
		</testcase>
	</testsuite>
	<testsuite id="2" name="test_enemy_archetypes" package="tests/unit/data" timestamp="2026-07-16T09:17:28" hostname="localhost" tests="2" failures="0" errors="0" skipped="0" flaky="0" time="0.118">
		<testcase name="test_archetypes_dictionary_is_not_empty" classname="test_enemy_archetypes" time="0.052">
		</testcase>
		<testcase name="test_archetype_entries_have_base_fields" classname="test_enemy_archetypes" time="0.034">
		</testcase>
	</testsuite>
	<testsuite id="3" name="test_level_information" package="tests/unit/data" timestamp="2026-07-16T09:17:28" hostname="localhost" tests="2" failures="0" errors="0" skipped="0" flaky="0" time="0.118">
		<testcase name="test_level_info_returns_dictionary" classname="test_level_information" time="0.050">
		</testcase>
		<testcase name="test_level_info_contains_expected_fields" classname="test_level_information" time="0.033">
		</testcase>
	</testsuite>
	<testsuite id="4" name="test_phase_instruments_unified" package="tests/unit/data" timestamp="2026-07-16T09:17:28" hostname="localhost" tests="7" failures="0" errors="0" skipped="0" flaky="0" time="0.882">
		<testcase name="test_enemy_migrated_ids_exist" classname="test_phase_instruments_unified" time="0.080">
		</testcase>
		<testcase name="test_enemy_instruments_have_slot_counts_and_level" classname="test_phase_instruments_unified" time="0.033">
		</testcase>
		<testcase name="test_enemy_active_ability_ids_bare" classname="test_phase_instruments_unified" time="0.049">
		</testcase>
		<testcase name="test_enemy_bare_instruments_have_empty_active_ability" classname="test_phase_instruments_unified" time="0.167">
		</testcase>
		<testcase name="test_all_enemy_ids_unique_and_present" classname="test_phase_instruments_unified" time="0.354">
		</testcase>
		<testcase name="test_player_instruments_still_present" classname="test_phase_instruments_unified" time="0.040">
		</testcase>
		<testcase name="test_total_instrument_count" classname="test_phase_instruments_unified" time="0.032">
		</testcase>
	</testsuite>
</testsuites>
