<?xml version="1.0" encoding="UTF-8" ?>
<testsuites id="2026-08-16" name="report_50" tests="19" failures="0" skipped="0" flaky="0" time="0.000">
	<testsuite id="0" name="test_economy_balance" package="tests/unit/balance" timestamp="2026-08-16T03:37:20" hostname="localhost" tests="5" failures="0" errors="0" skipped="0" flaky="0" time="1.175">
		<testcase name="test_deploy_energy_differentiated" classname="test_economy_balance" time="0.117">
		</testcase>
		<testcase name="test_income_curve_monotonic_with_bounded_era_jumps" classname="test_economy_balance" time="0.113">
		</testcase>
		<testcase name="test_mod_sink_vs_income_sync" classname="test_economy_balance" time="0.074">
		</testcase>
		<testcase name="test_mod_effect_caps" classname="test_economy_balance" time="0.110">
		</testcase>
		<testcase name="test_first_level_affords_cheapest_mod" classname="test_economy_balance" time="0.116">
		</testcase>
	</testsuite>
	<testsuite id="1" name="test_progression_curve_balance" package="tests/unit/balance" timestamp="2026-08-16T03:37:22" hostname="localhost" tests="6" failures="0" errors="0" skipped="0" flaky="0" time="1.469">
		<testcase name="test_difficulty_chain_monotonic" classname="test_progression_curve_balance" time="0.178">
		</testcase>
		<testcase name="test_player_enemy_hp_sync_across_eras" classname="test_progression_curve_balance" time="0.106">
		</testcase>
		<testcase name="test_player_enemy_dps_sync_across_eras" classname="test_progression_curve_balance" time="0.111">
		</testcase>
		<testcase name="test_intra_era_enemy_ramp_capped" classname="test_progression_curve_balance" time="0.101">
		</testcase>
		<testcase name="test_enhance_level_10_multiplier_capped" classname="test_progression_curve_balance" time="0.113">
		</testcase>
		<testcase name="test_enemy_tier_mirrors_player_progression" classname="test_progression_curve_balance" time="0.099">
		</testcase>
	</testsuite>
	<testsuite id="2" name="test_unit_era_balance" package="tests/unit/balance" timestamp="2026-08-16T03:37:23" hostname="localhost" tests="8" failures="0" errors="0" skipped="0" flaky="0" time="1.965">
		<testcase name="test_adjacent_era_dps_ratio_within_threshold" classname="test_unit_era_balance" time="0.123">
		</testcase>
		<testcase name="test_adjacent_era_hp_ratio_within_threshold" classname="test_unit_era_balance" time="0.100">
		</testcase>
		<testcase name="test_intra_era_kind_hp_outlier" classname="test_unit_era_balance" time="0.089">
		</testcase>
		<testcase name="test_aa_specialist_air_is_primary_output" classname="test_unit_era_balance" time="0.130">
		</testcase>
		<testcase name="test_aa_specialist_vs_era_best" classname="test_unit_era_balance" time="0.134">
		</testcase>
		<testcase name="test_no_boundary_violations" classname="test_unit_era_balance" time="0.128">
		</testcase>
		<testcase name="test_card_id_prefix_matches_era" classname="test_unit_era_balance" time="0.116">
		</testcase>
		<testcase name="test_at_specialist_armor_is_primary_output" classname="test_unit_era_balance" time="0.122">
		</testcase>
	</testsuite>
</testsuites>
