<?xml version="1.0" encoding="UTF-8" ?>
<testsuites id="2026-08-16" name="report_53" tests="49" failures="15" skipped="0" flaky="0" time="0.000">
	<testsuite id="0" name="modification_modules_test" package="tests/unit/data" timestamp="2026-08-16T03:46:06" hostname="localhost" tests="8" failures="5" errors="0" skipped="0" flaky="0" time="2.542">
		<testcase name="test_infantry_modifications_count" classname="modification_modules_test" time="0.110">
			<failure message="FAILED: res://tests/unit/data/modification_modules_test.gd:13" type="FAILURE">
<![CDATA[
步兵应有22个改造
]]>
			</failure>
		</testcase>
		<testcase name="test_infantry_modifications_data_completeness" classname="modification_modules_test" time="0.160">
		</testcase>
		<testcase name="test_armor_modifications_count" classname="modification_modules_test" time="0.097">
			<failure message="FAILED: res://tests/unit/data/modification_modules_test.gd:33" type="FAILURE">
<![CDATA[
装甲应有15个改造
]]>
			</failure>
		</testcase>
		<testcase name="test_modification_id_uniqueness" classname="modification_modules_test" time="0.153">
		</testcase>
		<testcase name="test_conflict_groups" classname="modification_modules_test" time="0.096">
		</testcase>
		<testcase name="test_modification_for_unit_type" classname="modification_modules_test" time="0.099">
			<failure message="FAILED: res://tests/unit/data/modification_modules_test.gd:52" type="FAILURE">
<![CDATA[
Expecting:
 '22'
 but was
 '27'
]]>
			</failure>
			<failure message="FAILED: res://tests/unit/data/modification_modules_test.gd:54" type="FAILURE">
<![CDATA[
Expecting:
 '15'
 but was
 '16'
]]>
			</failure>
		</testcase>
		<testcase name="test_effects_structure" classname="modification_modules_test" time="0.127">
		</testcase>
		<testcase name="test_total_modification_count" classname="modification_modules_test" time="0.109">
			<failure message="FAILED: res://tests/unit/data/modification_modules_test.gd:71" type="FAILURE">
<![CDATA[
Expecting: 'true' but is 'false'
]]>
			</failure>
		</testcase>
	</testsuite>
	<testsuite id="1" name="test_evolution_hp_floor" package="tests/unit/progression" timestamp="2026-08-16T03:46:09" hostname="localhost" tests="2" failures="2" errors="0" skipped="0" flaky="0" time="0.973">
		<testcase name="test_evolution_hp_floor_applied_after_growth" classname="test_evolution_hp_floor" time="0.175">
			<failure message="FAILED: res://tests/unit/progression/test_evolution_hp_floor.gd:35" type="FAILURE">
<![CDATA[
Expecting to be greater than or equal:
 '120.000000' but was '100.000000'
]]>
			</failure>
		</testcase>
		<testcase name="test_ww1_to_ww2_evolve_floor_not_below_prior_effective_hp" classname="test_evolution_hp_floor" time="0.119">
			<failure message="FAILED: res://tests/unit/progression/test_evolution_hp_floor.gd:47" type="FAILURE">
<![CDATA[
Expecting to be greater than or equal:
 '339.890000' but was '100.000000'
]]>
			</failure>
		</testcase>
	</testsuite>
	<testsuite id="2" name="test_battle_card_v3" package="tests/unit/data" timestamp="2026-08-16T03:46:10" hostname="localhost" tests="6" failures="1" errors="0" skipped="0" flaky="0" time="1.574">
		<testcase name="test_era_multipliers_at_bounds" classname="test_battle_card_v3" time="0.132">
		</testcase>
		<testcase name="test_star_stat_multiplier" classname="test_battle_card_v3" time="0.102">
		</testcase>
		<testcase name="test_enhance_stat_multiplier" classname="test_battle_card_v3" time="0.094">
		</testcase>
		<testcase name="test_evolution_inherit_bonus_clamped" classname="test_battle_card_v3" time="0.100">
		</testcase>
		<testcase name="test_unit_stats_table_era_scales_hp_and_weapon_damage" classname="test_battle_card_v3" time="0.099">
		</testcase>
		<testcase name="test_siege_enhance_growth_bias_exceeds_scout" classname="test_battle_card_v3" time="0.119">
			<failure message="FAILED: res://tests/unit/data/test_battle_card_v3.gd:75" type="FAILURE">
<![CDATA[
Expecting to be greater than:
 '1.500000' but was '1.000000'
]]>
			</failure>
		</testcase>
	</testsuite>
	<testsuite id="3" name="test_daily_task_manager" package="tests/unit/daily_task" timestamp="2026-08-16T03:46:12" hostname="localhost" tests="26" failures="1" errors="0" skipped="0" flaky="0" time="10.003">
		<testcase name="test_initial_state_no_tasks" classname="test_daily_task_manager" time="0.113">
		</testcase>
		<testcase name="test_initial_completion_rate_zero" classname="test_daily_task_manager" time="0.108">
		</testcase>
		<testcase name="test_refresh_generates_seven_tasks" classname="test_daily_task_manager" time="0.124">
		</testcase>
		<testcase name="test_after_refresh_no_completed_tasks" classname="test_daily_task_manager" time="0.111">
		</testcase>
		<testcase name="test_tasks_have_required_fields" classname="test_daily_task_manager" time="0.135">
		</testcase>
		<testcase name="test_task_initial_progress_and_target" classname="test_daily_task_manager" time="0.125">
		</testcase>
		<testcase name="test_difficulty_distribution" classname="test_daily_task_manager" time="0.136">
		</testcase>
		<testcase name="test_task_types_no_duplicates" classname="test_daily_task_manager" time="0.128">
		</testcase>
		<testcase name="test_update_task_progress" classname="test_daily_task_manager" time="0.104">
		</testcase>
		<testcase name="test_update_task_progress_completes_task" classname="test_daily_task_manager" time="0.129">
		</testcase>
		<testcase name="test_task_completed_signal_emitted" classname="test_daily_task_manager" time="0.117">
		</testcase>
		<testcase name="test_daily_tasks_refreshed_signal" classname="test_daily_task_manager" time="0.124">
		</testcase>
		<testcase name="test_claim_task_reward_completed" classname="test_daily_task_manager" time="0.262">
		</testcase>
		<testcase name="test_claim_sets_claimed_flag" classname="test_daily_task_manager" time="0.144">
		</testcase>
		<testcase name="test_claim_incomplete_task_returns_false" classname="test_daily_task_manager" time="0.119">
		</testcase>
		<testcase name="test_claim_already_claimed_returns_false" classname="test_daily_task_manager" time="0.134">
		</testcase>
		<testcase name="test_claim_nonexistent_task_returns_false" classname="test_daily_task_manager" time="0.151">
		</testcase>
		<testcase name="test_completion_rate_after_partial" classname="test_daily_task_manager" time="0.125">
			<failure message="FAILED: res://tests/unit/daily_task/test_daily_task_manager.gd:151" type="FAILURE">
<![CDATA[
Expecting emit signal: 'task_completed()' but timed out after 2s 0ms
]]>
			</failure>
		</testcase>
		<testcase name="test_get_task_stats" classname="test_daily_task_manager" time="0.121">
		</testcase>
		<testcase name="test_get_task_type_name" classname="test_daily_task_manager" time="0.132">
		</testcase>
		<testcase name="test_get_difficulty_name" classname="test_daily_task_manager" time="0.124">
		</testcase>
		<testcase name="test_get_difficulty_color" classname="test_daily_task_manager" time="0.127">
		</testcase>
		<testcase name="test_save_load_state_roundtrip" classname="test_daily_task_manager" time="0.114">
		</testcase>
		<testcase name="test_get_task_target_known_combinations" classname="test_daily_task_manager" time="0.117">
		</testcase>
		<testcase name="test_force_refresh_resets_tasks" classname="test_daily_task_manager" time="0.136">
		</testcase>
		<testcase name="test_multiple_refreshes_no_errors" classname="test_daily_task_manager" time="0.116">
		</testcase>
	</testsuite>
	<testsuite id="4" name="test_phase_instruments_unified" package="tests/unit/data" timestamp="2026-08-16T03:46:22" hostname="localhost" tests="7" failures="6" errors="0" skipped="0" flaky="0" time="4.265">
		<testcase name="test_enemy_migrated_ids_exist" classname="test_phase_instruments_unified" time="0.330">
		</testcase>
		<testcase name="test_enemy_instruments_have_slot_counts_and_level" classname="test_phase_instruments_unified" time="0.252">
		</testcase>
		<testcase name="test_enemy_active_ability_ids_bare" classname="test_phase_instruments_unified" time="0.234">
		</testcase>
		<testcase name="test_enemy_bare_instruments_have_empty_active_ability" classname="test_phase_instruments_unified" time="0.714">
			<failure message="FAILED: res://tests/unit/data/test_phase_instruments_unified.gd:42" type="FAILURE">
<![CDATA[
Expecting: 'true' but is 'false'
]]>
			</failure>
			<failure message="FAILED: res://tests/unit/data/test_phase_instruments_unified.gd:42" type="FAILURE">
<![CDATA[
Expecting: 'true' but is 'false'
]]>
			</failure>
			<failure message="FAILED: res://tests/unit/data/test_phase_instruments_unified.gd:42" type="FAILURE">
<![CDATA[
Expecting: 'true' but is 'false'
]]>
			</failure>
			<failure message="FAILED: res://tests/unit/data/test_phase_instruments_unified.gd:42" type="FAILURE">
<![CDATA[
Expecting: 'true' but is 'false'
]]>
			</failure>
			<failure message="FAILED: res://tests/unit/data/test_phase_instruments_unified.gd:42" type="FAILURE">
<![CDATA[
Expecting: 'true' but is 'false'
]]>
			</failure>
			<failure message="FAILED: res://tests/unit/data/test_phase_instruments_unified.gd:42" type="FAILURE">
<![CDATA[
Expecting: 'true' but is 'false'
]]>
			</failure>
		</testcase>
		<testcase name="test_all_enemy_ids_unique_and_present" classname="test_phase_instruments_unified" time="1.030">
		</testcase>
		<testcase name="test_player_instruments_still_present" classname="test_phase_instruments_unified" time="0.174">
		</testcase>
		<testcase name="test_total_instrument_count" classname="test_phase_instruments_unified" time="0.155">
		</testcase>
	</testsuite>
</testsuites>
